INFO - 2024-08-22 09:36:00,393 - Clasess.userU - ********************************
INFO - 2024-08-22 09:36:00,393 - Clasess.userU - *********WELCOME TO MENU********
INFO - 2024-08-22 09:36:00,393 - Clasess.userU - ********************************
INFO - 2024-08-22 09:36:06,359 - Clasess.userU - SUMMARY TRANSACTION ********************************
INFO - 2024-08-22 09:36:06,359 - Clasess.userU - To view transaction summary, please enter your password below.
INFO - 2024-08-22 09:36:06,359 - Clasess.userU - 

INFO - 2024-08-22 09:36:06,359 - Clasess.userU - THIS JSON FILE IS FOUND
INFO - 2024-08-22 09:36:10,258 - Clasess.userU - micheal, you entered the correct password.
INFO - 2024-08-22 09:36:10,258 - Clasess.userU - micheal, BELOW ARE YOUR LIST OF SUMMARY TRANSACTION****
INFO - 2024-08-22 09:36:10,258 - Clasess.userU - ********************************
INFO - 2024-08-22 09:36:10,268 - Clasess.userU - *********WELCOME TO MENU********
INFO - 2024-08-22 09:36:10,269 - Clasess.userU - ********************************
INFO - 2024-08-22 09:36:39,089 - Clasess.userU - ********************************
INFO - 2024-08-22 09:36:39,089 - Clasess.userU - *********WELCOME TO MENU********
INFO - 2024-08-22 09:36:39,089 - Clasess.userU - ********************************
INFO - 2024-08-22 09:36:53,021 - Clasess.userU - EDITING TRANSACTION******************
INFO - 2024-08-22 09:36:53,021 - Clasess.userU - 

INFO - 2024-08-22 09:36:53,021 - Clasess.userU - 

INFO - 2024-08-22 09:36:53,021 - Clasess.userU - THIS JSON FILE IS FOUND
INFO - 2024-08-22 09:36:53,021 - Clasess.userU - THIS JSON FILE IS FOUND
INFO - 2024-08-22 09:36:55,976 - Clasess.userU - 

INFO - 2024-08-22 09:36:55,988 - Clasess.userU - VALID PASSWORD
INFO - 2024-08-22 09:36:55,988 - Clasess.userU - Correct password
INFO - 2024-08-22 09:37:34,270 - Clasess.userU - Dear micheal, your description has been updated successfully.
INFO - 2024-08-22 09:37:34,270 - Clasess.userU - 
	 Your new description is 06/08/2025
INFO - 2024-08-22 09:37:34,270 - Clasess.userU - ********************************
INFO - 2024-08-22 09:37:34,270 - Clasess.userU - *********WELCOME TO MENU********
INFO - 2024-08-22 09:37:34,270 - Clasess.userU - ********************************
INFO - 2024-08-22 09:37:47,568 - Clasess.userU - SUMMARY TRANSACTION ********************************
INFO - 2024-08-22 09:37:47,568 - Clasess.userU - To view transaction summary, please enter your password below.
INFO - 2024-08-22 09:37:47,568 - Clasess.userU - 

INFO - 2024-08-22 09:37:47,568 - Clasess.userU - THIS JSON FILE IS FOUND
INFO - 2024-08-22 09:37:52,685 - Clasess.userU - micheal, you entered the correct password.
INFO - 2024-08-22 09:37:52,685 - Clasess.userU - micheal, BELOW ARE YOUR LIST OF SUMMARY TRANSACTION****
INFO - 2024-08-22 09:37:52,685 - Clasess.userU - ********************************
INFO - 2024-08-22 09:37:52,685 - Clasess.userU - *********WELCOME TO MENU********
INFO - 2024-08-22 09:37:52,685 - Clasess.userU - ********************************
INFO - 2024-08-22 09:38:00,984 - Clasess.userU - Exit********************************
